('number', -1)
('id', (9, 0))
('=', -1)
('const', (19, 0))
(';', -1)
('number', -1)
('id', (9, 0))
('=', -1)
('const', (20, 0))
(';', -1)
('number', -1)
('id', (11, 0))
('=', -1)
('const', (21, 0))
(';', -1)
('number', -1)
('id', (19, 0))
('=', -1)
('id', (9, 0))
(';', -1)
('number', -1)
('id', (21, 0))
('=', -1)
('id', (9, 0))
(';', -1)
('if', -1)
('(', -1)
('id', (10, 0))
('<=', -1)
('id', (19, 0))
(')', -1)
('{', -1)
('id', (19, 0))
('=', -1)
('id', (10, 0))
(';', -1)
('}', -1)
('if', -1)
('(', -1)
('id', (11, 0))
('<', -1)
('id', (19, 0))
(')', -1)
('{', -1)
('id', (19, 0))
('=', -1)
('id', (11, 0))
(';', -1)
('}', -1)
('if', -1)
('(', -1)
('id', (10, 0))
('>', -1)
('id', (21, 0))
(')', -1)
('{', -1)
('id', (21, 0))
('=', -1)
('id', (10, 0))
(';', -1)
('}', -1)
('if', -1)
('(', -1)
('id', (11, 0))
('>', -1)
('id', (21, 0))
(')', -1)
('{', -1)
('id', (21, 0))
('=', -1)
('id', (11, 0))
(';', -1)
('}', -1)
('print', -1)
('(', -1)
('const', (22, 0))
(')', -1)
('print', -1)
('(', -1)
('id', (21, 0))
(')', -1)
('print', -1)
('(', -1)
('const', (3, 0))
(')', -1)
('print', -1)
('(', -1)
('id', (19, 0))
(')', -1)
